4.716215753799579247e+00
1.359438765962449613e+00
3.184095748305933338e+00
2.274620600377069923e+00
1.094741265540313924e+00
9.779167397420138741e-01
1.385922487724009944e+00
6.825978039321483948e+00
5.402044349420496161e+00
1.207628423157605768e+00
1.004470435596190647e+01
1.768007470478955012e+00
4.831324354696466372e+00
2.048398837536447026e+00
7.503118784697536903e+00
1.753337967644617734e+01
4.911681975473317863e+00
1.504099004330521350e+00
3.062995555503644773e+00
2.203539616952212121e+00
-1.000829335843612000e+00
9.998773786418929665e-01
1.289776208407268587e+00
5.528817421945984023e+00
4.903858830393814650e+00
1.241349318700237792e+00
6.753214509969369672e+00
1.761335377745528064e+00
4.444580960345239085e+00
2.047188192299790099e+00
1.380352842292078094e+03
1.445547699677781672e+01
-1.000188069191616069e+00
1.930413193400079441e+00
6.914037280985064982e+00
4.602618957664028621e+00
2.260881539036704524e+00
6.286715179929117658e-01
1.922837323763328943e+00
1.039065646273762056e+01
5.402044349420496161e+00
7.715870557932326790e+00
1.004470435596190647e+01
9.845975829348961872e-01
4.922125234407801031e+00
1.077111022095313508e+00
1.114186223519216696e+02
8.948484805893270888e+00
1.243552111674327332e+00
1.986588789070802941e+00
6.635056646131748614e+00
4.098430014719067316e+00
1.749438708603308523e+00
9.525334172829406088e-01
1.804066054874289282e+00
7.520970566011786040e+00
3.517443959637014395e+00
7.084100003039692339e+00
7.683889657626659542e+00
1.057457665739500507e+00
4.735722648039910609e+00
1.183250468102443831e+00
1.380352790436304986e+03
8.270504013010095079e+00
1.677095458753607327e+00
1.645898331725396568e+00
9.998788974000434315e-01
9.998331480796143200e-01
1.179903237198166899e+01
1.046900725788459852e+01
5.748733093958642293e-01
3.845368482195322457e+00
