8.227583857441080895e-01
7.678723655207865539e-02
1.580703224499075077e+00
7.702187110643686149e-03
-5.845938510640326102e-01
-7.040746103342986503e-11
-1.419790165611014843e-01
1.082271230330555722e+00
-2.415110265473143780e-01
-3.305336259671576293e-01
-1.674925446615513902e-01
-3.237050518949308191e-15
1.935467543441188099e+00
1.679763754400247278e+00
2.054892643772137539e+00
2.028236746044092542e-01
5.910663173147218119e-01
1.288868378740427589e-01
8.268113206685345773e-02
-4.837712434432111380e-02
-1.682907368587951646e+00
-3.541614764143348748e-01
-2.801791162649141520e-01
1.354740091305088878e+00
-1.686317599753979213e-01
-1.317194797503730141e-01
-3.326260392716220426e-01
-3.011131021297579135e-14
1.864572999523221419e+00
1.657795568300655109e+00
5.319485648376227118e+02
1.713581898477479770e-01
-1.450908662601879451e+00
1.667269869025971296e+00
2.279278572530485825e+00
2.011192379672395170e+00
6.053608960669845107e-01
-1.347817173369781058e-10
-1.633321987102136219e-01
2.198462650869478452e+00
-2.415110265473143780e-01
2.176042269484454728e-01
-1.674925446615513902e-01
1.138848514473181684e-13
2.221538404812910095e+00
-4.138264505730065990e-01
2.605914481475797739e+00
-2.640460129907934994e-01
-3.072398464249082584e-01
1.652164816751626519e+00
1.892281320445488912e+00
2.862616119070434673e-01
5.886241538532332312e-02
-2.094469927967323461e-11
-1.379841852686916892e-01
2.070877558237369964e+00
-2.520360542481132060e-01
1.646365803566543495e-01
-2.057576064115142211e-01
-7.868452545618668571e-14
2.065292816669255682e+00
-2.580331794775120313e-01
5.319484757777560162e+02
-2.662480065495658743e-01
1.562278431125095235e+00
1.206828990165845550e+00
-5.165067052690796023e-01
-4.807540645081820885e-01
1.660472652749026112e+00
-5.053159213156425134e-01
9.450560689455092334e-13
-1.195692306079022965e-01
