-1.203900103339162531e+00
-1.774003820573562429e+00
1.000035698295783870e+00
-1.061162770516288489e+00
-1.773950188786739268e+00
-3.184095913094453500e+00
-5.596008613706143997e+00
-1.630397771194137535e+00
-1.105823868396284215e+00
-1.712000952138739374e+00
-7.080196367648546873e-01
-1.058847322731830021e+00
1.000000279839143413e+00
1.000007510490135587e+00
1.000362115320268863e+00
-1.143972403590908904e+00
-1.225087527816127508e+00
-1.766289770300396134e+00
-1.100952494943407745e+00
-1.213828269766280554e+00
-2.091121105514808232e+00
-3.062995705124325063e+00
-6.072321487008995433e+00
-1.495238711703957835e+00
-1.674925337837810613e+00
-1.857796993368898031e+00
-1.283687314855872286e+00
-1.053385812012426204e+00
1.000001002477161283e+00
1.000131984946385444e+00
6.061285201661339528e+01
-1.179836438842977397e+00
-1.696587076349378886e+00
1.000094664737927630e+00
1.000527814323692199e+00
1.000572344959569593e+00
-1.391603063780615823e+00
-6.914037584818640170e+00
-1.811582393548243797e+00
1.000000655297140995e+00
-1.105823868396284215e+00
-1.143743899203895520e+00
-7.080196367648546873e-01
-1.415309961832641683e+00
1.000000464579921866e+00
-1.246344714906778561e+00
1.000235609256419744e+00
-1.339688945120608432e+00
-1.660738403915501538e+00
1.000043172358181742e+00
1.000068066628313712e+00
-1.188281750107496704e+00
-2.011553283453379137e+00
-6.635056814061701225e+00
-3.013968124151167771e+00
1.000000032030761599e+00
-1.126850920005507239e+00
-1.301173354056523790e+00
-7.967665434351044462e-01
-1.410952950824432062e+00
1.000001717480984986e+00
-1.227671265550479340e+00
6.061274228780550288e+01
-1.312439155529641299e+00
1.000238291626102116e+00
-1.037164672971628621e+00
-1.469108312018260643e+00
-1.885582870579511905e+00
-3.101545900435548564e+00
-8.332626671356166526e+00
-3.162599283074367218e+00
-7.602477204256918863e-01
