1.454071188458966768e+00
1.242208465996351929e+00
4.129017705045908149e-01
1.235536151488134005e+00
1.169508058817925855e+00
1.000000000004397371e+00
1.205452110752607719e+00
1.674597919151114001e+00
8.665263382129929637e-01
1.300617640557022670e+00
9.103245569043885155e-01
1.000000000000061506e+00
8.645945464487427845e-01
3.134653335848124334e-01
9.196149121473605748e-01
1.275179543813721450e+00
1.507279998873382487e+00
1.310537202025135572e+00
1.352971730524935356e+00
1.297168458645841405e+00
2.816350528543423715e-01
9.036612468210907245e-01
1.274587521729574568e+00
1.388259363532270863e+00
9.148284414402856335e-01
1.362656443001479811e+00
8.181377321427877325e-01
1.000000000000210720e+00
7.471665600276107266e-01
3.124092111227746438e-01
6.323632122632513983e+02
1.290783774626721447e+00
1.750009212275703274e-01
2.199623328116683818e-01
1.041442203577984227e+00
7.387254964409197822e-01
1.371378881283314088e+00
9.999999999923074867e-01
1.368005925658731581e+00
1.083620622249050314e+00
8.665263382129929637e-01
1.385378987620190072e+00
9.103245569043885155e-01
9.999999999999960032e-01
8.994588030281116531e-01
1.086315791134191411e+00
2.545355866480305540e+00
1.314970342999652875e+00
1.249859370249291723e+00
2.957170724561337671e-01
8.174158266751134772e-01
1.479222934743839479e+00
1.454461369146538674e+00
9.999999999882978052e-01
1.425111750730475357e+00
8.653963752008098087e-01
8.533679235785666117e-01
1.417568329192122389e+00
8.839910792131701056e-01
9.999999999998396838e-01
8.104309947027001915e-01
1.136826989818470190e+00
6.323632399935454487e+02
1.396572354625817081e+00
1.936958574211535555e-01
8.044919254487609139e-01
6.391064058772014667e-01
7.038808105269921400e-01
1.075006285124978422e+00
1.566300503657331422e+00
9.999999999681457030e-01
9.374294245962866423e-01
